2015-10-25 17:49:14,372 [main] INFO  c.g.t.t.d.PublishedGradleVersions - Gradle version information cache file is not available. Remote download required.
2015-10-25 19:21:51,644 [main] INFO  c.g.t.t.d.PublishedGradleVersions - Gradle version information cache file is not out-of-date. No remote download required.
2015-12-20 03:22:36,964 [main] INFO  c.g.t.t.d.PublishedGradleVersions - Gradle version information cache file is out-of-date. Remote download required.
2015-12-22 06:22:12,685 [main] INFO  c.g.t.t.d.PublishedGradleVersions - Gradle version information cache file is out-of-date. Remote download required.
2015-12-22 06:35:12,682 [Start Help Server] INFO  org.eclipse.jetty.util.log - Logging initialized @363107ms
2015-12-22 06:35:13,305 [Start Help Server] INFO  org.eclipse.jetty.server.Server - jetty-9.2.13.v20150730
2015-12-22 06:35:13,427 [Start Help Server] INFO  o.e.j.server.handler.ContextHandler - Started o.e.j.s.ServletContextHandler@6efe393f{/help,null,AVAILABLE}
2015-12-22 06:35:13,534 [Start Help Server] INFO  o.e.jetty.server.ServerConnector - Started ServerConnector@52051146{HTTP/1.1}{127.0.0.1:1859}
2015-12-22 06:35:13,535 [Start Help Server] INFO  org.eclipse.jetty.server.Server - Started @363971ms
2015-12-22 06:38:43,014 [Stop Help Server] INFO  o.e.jetty.server.ServerConnector - Stopped ServerConnector@52051146{HTTP/1.1}{127.0.0.1:0}
2015-12-22 06:38:43,231 [Stop Help Server] INFO  o.e.j.server.handler.ContextHandler - Stopped o.e.j.s.ServletContextHandler@6efe393f{/help,null,UNAVAILABLE}
2015-12-22 07:00:30,764 [Start Help Server] INFO  org.eclipse.jetty.util.log - Logging initialized @888560ms
2015-12-22 07:00:30,965 [Start Help Server] INFO  org.eclipse.jetty.server.Server - jetty-9.2.13.v20150730
2015-12-22 07:00:31,066 [Start Help Server] INFO  o.e.j.server.handler.ContextHandler - Started o.e.j.s.ServletContextHandler@1ce6946f{/help,null,AVAILABLE}
2015-12-22 07:00:31,122 [Start Help Server] INFO  o.e.jetty.server.ServerConnector - Started ServerConnector@646ab8eb{HTTP/1.1}{127.0.0.1:2055}
2015-12-22 07:00:31,123 [Start Help Server] INFO  org.eclipse.jetty.server.Server - Started @888926ms
2015-12-22 07:04:41,507 [main] INFO  c.g.t.t.d.PublishedGradleVersions - Gradle version information cache file is not out-of-date. No remote download required.
2015-12-22 07:37:28,852 [Stop Help Server] INFO  o.e.jetty.server.ServerConnector - Stopped ServerConnector@646ab8eb{HTTP/1.1}{127.0.0.1:0}
2015-12-22 07:37:29,272 [Stop Help Server] INFO  o.e.j.server.handler.ContextHandler - Stopped o.e.j.s.ServletContextHandler@1ce6946f{/help,null,UNAVAILABLE}
2015-12-24 18:25:48,493 [main] INFO  c.g.t.t.d.PublishedGradleVersions - Gradle version information cache file is out-of-date. Remote download required.
2016-01-09 19:17:23,772 [main] INFO  c.g.t.t.d.PublishedGradleVersions - Gradle version information cache file is out-of-date. Remote download required.
